<?xml version="1.0" encoding="UTF-8"?>
<!-- Generated by org.testng.reporters.JUnitReportReporter -->
<testsuite hostname="Windows11" failures="0" tests="1" name="onlyScroll.Flipkart" time="12.072" errors="0" timestamp="2024-03-16T19:24:48 IST" skipped="0">
  <testcase classname="onlyScroll.Flipkart" name="scroll" time="12.072"/>
  <system-out/>
</testsuite> <!-- onlyScroll.Flipkart -->
