<?xml version="1.0" encoding="UTF-8"?>
<!-- Generated by org.testng.reporters.JUnitReportReporter -->
<testsuite hostname="Windows11" failures="0" tests="1" name="onlyScroll.ScrollAmazon" time="7.001" errors="0" timestamp="2024-03-16T11:35:16 IST" skipped="0">
  <testcase classname="onlyScroll.ScrollAmazon" name="amazon" time="7.001"/>
  <system-out/>
</testsuite> <!-- onlyScroll.ScrollAmazon -->
